CRITICAL - 2022-08-20 00:02:38 --> mkdir(): No such file or directory
in APPPATH\Commands\Module.php on line 121.
 1 [internal function]: CodeIgniter\Debug\Exceptions->errorHandler(2, 'mkdir(): No such file or directory', 'APPPATH\\Commands\\Module.php', 121)
 2 APPPATH\Commands\Module.php(121): mkdir('APPPATH\\/Modules/Frontend')
 3 SYSTEMPATH\CLI\Commands.php(63): App\Commands\Module->run([])
 4 SYSTEMPATH\CLI\CommandRunner.php(65): CodeIgniter\CLI\Commands->run('module', [])
 5 SYSTEMPATH\CLI\CommandRunner.php(51): CodeIgniter\CLI\CommandRunner->index([])
 6 SYSTEMPATH\CodeIgniter.php(897): CodeIgniter\CLI\CommandRunner->_remap('index', [...])
 7 SYSTEMPATH\CodeIgniter.php(457): CodeIgniter\CodeIgniter->runController(Object(CodeIgniter\CLI\CommandRunner))
 8 SYSTEMPATH\CodeIgniter.php(336): CodeIgniter\CodeIgniter->handleRequest(null, Object(Config\Cache), false)
 9 SYSTEMPATH\CLI\Console.php(48): CodeIgniter\CodeIgniter->run()
10 ROOTPATH\spark(98): CodeIgniter\CLI\Console->run()
CRITICAL - 2022-08-20 00:04:02 --> Invalid file: template/layout.php
in SYSTEMPATH\Exceptions\FrameworkException.php on line 33.
 1 SYSTEMPATH\View\View.php(201): CodeIgniter\Exceptions\FrameworkException::forInvalidFile('template/layout.php')
 2 SYSTEMPATH\Common.php(1137): CodeIgniter\View\View->render('template/layout', [], true)
 3 APPPATH\Modules\Frontend\Controllers\Home.php(11): view('template/layout', [...])
 4 SYSTEMPATH\CodeIgniter.php(904): App\Modules\Frontend\Controllers\Home->index()
 5 SYSTEMPATH\CodeIgniter.php(457): CodeIgniter\CodeIgniter->runController(Object(App\Modules\Frontend\Controllers\Home))
 6 SYSTEMPATH\CodeIgniter.php(340): CodeIgniter\CodeIgniter->handleRequest(null, Object(Config\Cache), false)
 7 FCPATH\index.php(67): CodeIgniter\CodeIgniter->run()
 8 SYSTEMPATH\Commands\Server\rewrite.php(43): require_once('FCPATH\\index.php')
CRITICAL - 2022-08-20 00:21:55 --> Invalid file: template/layout.php
in SYSTEMPATH\Exceptions\FrameworkException.php on line 33.
 1 SYSTEMPATH\View\View.php(201): CodeIgniter\Exceptions\FrameworkException::forInvalidFile('template/layout.php')
 2 SYSTEMPATH\Common.php(1137): CodeIgniter\View\View->render('template/layout', [], true)
 3 APPPATH\Modules\Frontend\Controllers\Home.php(11): view('template/layout', [...])
 4 SYSTEMPATH\CodeIgniter.php(904): App\Modules\Frontend\Controllers\Home->index()
 5 SYSTEMPATH\CodeIgniter.php(457): CodeIgniter\CodeIgniter->runController(Object(App\Modules\Frontend\Controllers\Home))
 6 SYSTEMPATH\CodeIgniter.php(340): CodeIgniter\CodeIgniter->handleRequest(null, Object(Config\Cache), false)
 7 FCPATH\index.php(67): CodeIgniter\CodeIgniter->run()
 8 SYSTEMPATH\Commands\Server\rewrite.php(43): require_once('FCPATH\\index.php')
CRITICAL - 2022-08-20 00:21:56 --> Invalid file: template/layout.php
in SYSTEMPATH\Exceptions\FrameworkException.php on line 33.
 1 SYSTEMPATH\View\View.php(201): CodeIgniter\Exceptions\FrameworkException::forInvalidFile('template/layout.php')
 2 SYSTEMPATH\Common.php(1137): CodeIgniter\View\View->render('template/layout', [], true)
 3 APPPATH\Modules\Frontend\Controllers\Home.php(11): view('template/layout', [...])
 4 SYSTEMPATH\CodeIgniter.php(904): App\Modules\Frontend\Controllers\Home->index()
 5 SYSTEMPATH\CodeIgniter.php(457): CodeIgniter\CodeIgniter->runController(Object(App\Modules\Frontend\Controllers\Home))
 6 SYSTEMPATH\CodeIgniter.php(340): CodeIgniter\CodeIgniter->handleRequest(null, Object(Config\Cache), false)
 7 FCPATH\index.php(67): CodeIgniter\CodeIgniter->run()
 8 SYSTEMPATH\Commands\Server\rewrite.php(43): require_once('FCPATH\\index.php')
CRITICAL - 2022-08-20 00:22:01 --> Invalid file: template/layout.php
in SYSTEMPATH\Exceptions\FrameworkException.php on line 33.
 1 SYSTEMPATH\View\View.php(201): CodeIgniter\Exceptions\FrameworkException::forInvalidFile('template/layout.php')
 2 SYSTEMPATH\Common.php(1137): CodeIgniter\View\View->render('template/layout', [], true)
 3 APPPATH\Modules\Frontend\Controllers\Home.php(11): view('template/layout', [...])
 4 SYSTEMPATH\CodeIgniter.php(904): App\Modules\Frontend\Controllers\Home->index()
 5 SYSTEMPATH\CodeIgniter.php(457): CodeIgniter\CodeIgniter->runController(Object(App\Modules\Frontend\Controllers\Home))
 6 SYSTEMPATH\CodeIgniter.php(340): CodeIgniter\CodeIgniter->handleRequest(null, Object(Config\Cache), false)
 7 FCPATH\index.php(67): CodeIgniter\CodeIgniter->run()
 8 SYSTEMPATH\Commands\Server\rewrite.php(43): require_once('FCPATH\\index.php')
CRITICAL - 2022-08-20 00:22:02 --> Invalid file: template/layout.php
in SYSTEMPATH\Exceptions\FrameworkException.php on line 33.
 1 SYSTEMPATH\View\View.php(201): CodeIgniter\Exceptions\FrameworkException::forInvalidFile('template/layout.php')
 2 SYSTEMPATH\Common.php(1137): CodeIgniter\View\View->render('template/layout', [], true)
 3 APPPATH\Modules\Frontend\Controllers\Home.php(11): view('template/layout', [...])
 4 SYSTEMPATH\CodeIgniter.php(904): App\Modules\Frontend\Controllers\Home->index()
 5 SYSTEMPATH\CodeIgniter.php(457): CodeIgniter\CodeIgniter->runController(Object(App\Modules\Frontend\Controllers\Home))
 6 SYSTEMPATH\CodeIgniter.php(340): CodeIgniter\CodeIgniter->handleRequest(null, Object(Config\Cache), false)
 7 FCPATH\index.php(67): CodeIgniter\CodeIgniter->run()
 8 SYSTEMPATH\Commands\Server\rewrite.php(43): require_once('FCPATH\\index.php')
CRITICAL - 2022-08-20 00:22:02 --> Invalid file: template/layout.php
in SYSTEMPATH\Exceptions\FrameworkException.php on line 33.
 1 SYSTEMPATH\View\View.php(201): CodeIgniter\Exceptions\FrameworkException::forInvalidFile('template/layout.php')
 2 SYSTEMPATH\Common.php(1137): CodeIgniter\View\View->render('template/layout', [], true)
 3 APPPATH\Modules\Frontend\Controllers\Home.php(11): view('template/layout', [...])
 4 SYSTEMPATH\CodeIgniter.php(904): App\Modules\Frontend\Controllers\Home->index()
 5 SYSTEMPATH\CodeIgniter.php(457): CodeIgniter\CodeIgniter->runController(Object(App\Modules\Frontend\Controllers\Home))
 6 SYSTEMPATH\CodeIgniter.php(340): CodeIgniter\CodeIgniter->handleRequest(null, Object(Config\Cache), false)
 7 FCPATH\index.php(67): CodeIgniter\CodeIgniter->run()
 8 SYSTEMPATH\Commands\Server\rewrite.php(43): require_once('FCPATH\\index.php')
CRITICAL - 2022-08-20 00:22:02 --> Invalid file: template/layout.php
in SYSTEMPATH\Exceptions\FrameworkException.php on line 33.
 1 SYSTEMPATH\View\View.php(201): CodeIgniter\Exceptions\FrameworkException::forInvalidFile('template/layout.php')
 2 SYSTEMPATH\Common.php(1137): CodeIgniter\View\View->render('template/layout', [], true)
 3 APPPATH\Modules\Frontend\Controllers\Home.php(11): view('template/layout', [...])
 4 SYSTEMPATH\CodeIgniter.php(904): App\Modules\Frontend\Controllers\Home->index()
 5 SYSTEMPATH\CodeIgniter.php(457): CodeIgniter\CodeIgniter->runController(Object(App\Modules\Frontend\Controllers\Home))
 6 SYSTEMPATH\CodeIgniter.php(340): CodeIgniter\CodeIgniter->handleRequest(null, Object(Config\Cache), false)
 7 FCPATH\index.php(67): CodeIgniter\CodeIgniter->run()
 8 SYSTEMPATH\Commands\Server\rewrite.php(43): require_once('FCPATH\\index.php')
CRITICAL - 2022-08-20 00:22:07 --> Invalid file: template/layout.php
in SYSTEMPATH\Exceptions\FrameworkException.php on line 33.
 1 SYSTEMPATH\View\View.php(201): CodeIgniter\Exceptions\FrameworkException::forInvalidFile('template/layout.php')
 2 SYSTEMPATH\Common.php(1137): CodeIgniter\View\View->render('template/layout', [], true)
 3 APPPATH\Modules\Frontend\Controllers\Home.php(11): view('template/layout', [...])
 4 SYSTEMPATH\CodeIgniter.php(904): App\Modules\Frontend\Controllers\Home->index()
 5 SYSTEMPATH\CodeIgniter.php(457): CodeIgniter\CodeIgniter->runController(Object(App\Modules\Frontend\Controllers\Home))
 6 SYSTEMPATH\CodeIgniter.php(340): CodeIgniter\CodeIgniter->handleRequest(null, Object(Config\Cache), false)
 7 FCPATH\index.php(67): CodeIgniter\CodeIgniter->run()
 8 SYSTEMPATH\Commands\Server\rewrite.php(43): require_once('FCPATH\\index.php')
CRITICAL - 2022-08-20 00:42:44 --> Undefined variable $views
in APPPATH\Commands\Module.php on line 151.
 1 APPPATH\Commands\Module.php(151): CodeIgniter\Debug\Exceptions->errorHandler(2, 'Undefined variable $views', 'APPPATH\\Commands\\Module.php', 151)
 2 SYSTEMPATH\CLI\Commands.php(63): App\Commands\Module->run([])
 3 SYSTEMPATH\CLI\CommandRunner.php(65): CodeIgniter\CLI\Commands->run('module', [])
 4 SYSTEMPATH\CLI\CommandRunner.php(51): CodeIgniter\CLI\CommandRunner->index([])
 5 SYSTEMPATH\CodeIgniter.php(897): CodeIgniter\CLI\CommandRunner->_remap('index', [...])
 6 SYSTEMPATH\CodeIgniter.php(457): CodeIgniter\CodeIgniter->runController(Object(CodeIgniter\CLI\CommandRunner))
 7 SYSTEMPATH\CodeIgniter.php(336): CodeIgniter\CodeIgniter->handleRequest(null, Object(Config\Cache), false)
 8 SYSTEMPATH\CLI\Console.php(48): CodeIgniter\CodeIgniter->run()
 9 ROOTPATH\spark(98): CodeIgniter\CLI\Console->run()
CRITICAL - 2022-08-20 00:43:29 --> Undefined variable $views
in APPPATH\Commands\Module.php on line 154.
 1 APPPATH\Commands\Module.php(154): CodeIgniter\Debug\Exceptions->errorHandler(2, 'Undefined variable $views', 'APPPATH\\Commands\\Module.php', 154)
 2 SYSTEMPATH\CLI\Commands.php(63): App\Commands\Module->run([])
 3 SYSTEMPATH\CLI\CommandRunner.php(65): CodeIgniter\CLI\Commands->run('module', [])
 4 SYSTEMPATH\CLI\CommandRunner.php(51): CodeIgniter\CLI\CommandRunner->index([])
 5 SYSTEMPATH\CodeIgniter.php(897): CodeIgniter\CLI\CommandRunner->_remap('index', [...])
 6 SYSTEMPATH\CodeIgniter.php(457): CodeIgniter\CodeIgniter->runController(Object(CodeIgniter\CLI\CommandRunner))
 7 SYSTEMPATH\CodeIgniter.php(336): CodeIgniter\CodeIgniter->handleRequest(null, Object(Config\Cache), false)
 8 SYSTEMPATH\CLI\Console.php(48): CodeIgniter\CodeIgniter->run()
 9 ROOTPATH\spark(98): CodeIgniter\CLI\Console->run()
CRITICAL - 2022-08-20 00:44:16 --> Undefined variable $view
in APPPATH\Commands\Module.php on line 121.
 1 APPPATH\Commands\Module.php(121): CodeIgniter\Debug\Exceptions->errorHandler(2, 'Undefined variable $view', 'APPPATH\\Commands\\Module.php', 121)
 2 SYSTEMPATH\CLI\Commands.php(63): App\Commands\Module->run([])
 3 SYSTEMPATH\CLI\CommandRunner.php(65): CodeIgniter\CLI\Commands->run('module', [])
 4 SYSTEMPATH\CLI\CommandRunner.php(51): CodeIgniter\CLI\CommandRunner->index([])
 5 SYSTEMPATH\CodeIgniter.php(897): CodeIgniter\CLI\CommandRunner->_remap('index', [...])
 6 SYSTEMPATH\CodeIgniter.php(457): CodeIgniter\CodeIgniter->runController(Object(CodeIgniter\CLI\CommandRunner))
 7 SYSTEMPATH\CodeIgniter.php(336): CodeIgniter\CodeIgniter->handleRequest(null, Object(Config\Cache), false)
 8 SYSTEMPATH\CLI\Console.php(48): CodeIgniter\CodeIgniter->run()
 9 ROOTPATH\spark(98): CodeIgniter\CLI\Console->run()
CRITICAL - 2022-08-20 00:44:46 --> array_shift(): Argument #1 ($array) must be of type array, null given
in APPPATH\Commands\Module.php on line 78.
 1 APPPATH\Commands\Module.php(78): array_shift(null)
 2 SYSTEMPATH\CLI\Commands.php(63): App\Commands\Module->run([])
 3 SYSTEMPATH\CLI\CommandRunner.php(65): CodeIgniter\CLI\Commands->run('module', [])
 4 SYSTEMPATH\CLI\CommandRunner.php(51): CodeIgniter\CLI\CommandRunner->index([])
 5 SYSTEMPATH\CodeIgniter.php(897): CodeIgniter\CLI\CommandRunner->_remap('index', [...])
 6 SYSTEMPATH\CodeIgniter.php(457): CodeIgniter\CodeIgniter->runController(Object(CodeIgniter\CLI\CommandRunner))
 7 SYSTEMPATH\CodeIgniter.php(336): CodeIgniter\CodeIgniter->handleRequest(null, Object(Config\Cache), false)
 8 SYSTEMPATH\CLI\Console.php(48): CodeIgniter\CodeIgniter->run()
 9 ROOTPATH\spark(98): CodeIgniter\CLI\Console->run()
CRITICAL - 2022-08-20 00:44:54 --> array_shift(): Argument #1 ($array) must be of type array, null given
in APPPATH\Commands\Module.php on line 78.
 1 APPPATH\Commands\Module.php(78): array_shift(null)
 2 SYSTEMPATH\CLI\Commands.php(63): App\Commands\Module->run([])
 3 SYSTEMPATH\CLI\CommandRunner.php(65): CodeIgniter\CLI\Commands->run('module', [])
 4 SYSTEMPATH\CLI\CommandRunner.php(51): CodeIgniter\CLI\CommandRunner->index([])
 5 SYSTEMPATH\CodeIgniter.php(897): CodeIgniter\CLI\CommandRunner->_remap('index', [...])
 6 SYSTEMPATH\CodeIgniter.php(457): CodeIgniter\CodeIgniter->runController(Object(CodeIgniter\CLI\CommandRunner))
 7 SYSTEMPATH\CodeIgniter.php(336): CodeIgniter\CodeIgniter->handleRequest(null, Object(Config\Cache), false)
 8 SYSTEMPATH\CLI\Console.php(48): CodeIgniter\CodeIgniter->run()
 9 ROOTPATH\spark(98): CodeIgniter\CLI\Console->run()
CRITICAL - 2022-08-20 00:45:15 --> pascalize(): Argument #1 ($string) must be of type string, null given, called in F:\Root Program\web\master-codeigniter-empat\app\Commands\Module.php on line 122
in SYSTEMPATH\Helpers\inflector_helper.php on line 166.
 1 APPPATH\Commands\Module.php(122): pascalize(null)
 2 SYSTEMPATH\CLI\Commands.php(63): App\Commands\Module->run([])
 3 SYSTEMPATH\CLI\CommandRunner.php(65): CodeIgniter\CLI\Commands->run('module', [])
 4 SYSTEMPATH\CLI\CommandRunner.php(51): CodeIgniter\CLI\CommandRunner->index([])
 5 SYSTEMPATH\CodeIgniter.php(897): CodeIgniter\CLI\CommandRunner->_remap('index', [...])
 6 SYSTEMPATH\CodeIgniter.php(457): CodeIgniter\CodeIgniter->runController(Object(CodeIgniter\CLI\CommandRunner))
 7 SYSTEMPATH\CodeIgniter.php(336): CodeIgniter\CodeIgniter->handleRequest(null, Object(Config\Cache), false)
 8 SYSTEMPATH\CLI\Console.php(48): CodeIgniter\CodeIgniter->run()
 9 ROOTPATH\spark(98): CodeIgniter\CLI\Console->run()
CRITICAL - 2022-08-20 00:46:47 --> pascalize(): Argument #1 ($string) must be of type string, null given, called in F:\Root Program\web\master-codeigniter-empat\app\Commands\Module.php on line 122
in SYSTEMPATH\Helpers\inflector_helper.php on line 166.
 1 APPPATH\Commands\Module.php(122): pascalize(null)
 2 SYSTEMPATH\CLI\Commands.php(63): App\Commands\Module->run([])
 3 SYSTEMPATH\CLI\CommandRunner.php(65): CodeIgniter\CLI\Commands->run('module', [])
 4 SYSTEMPATH\CLI\CommandRunner.php(51): CodeIgniter\CLI\CommandRunner->index([])
 5 SYSTEMPATH\CodeIgniter.php(897): CodeIgniter\CLI\CommandRunner->_remap('index', [...])
 6 SYSTEMPATH\CodeIgniter.php(457): CodeIgniter\CodeIgniter->runController(Object(CodeIgniter\CLI\CommandRunner))
 7 SYSTEMPATH\CodeIgniter.php(336): CodeIgniter\CodeIgniter->handleRequest(null, Object(Config\Cache), false)
 8 SYSTEMPATH\CLI\Console.php(48): CodeIgniter\CodeIgniter->run()
 9 ROOTPATH\spark(98): CodeIgniter\CLI\Console->run()
