CRITICAL - 2022-08-19 21:55:06 --> require_once(app/Modules//Routes.php): Failed to open stream: No such file or directory
in APPPATH\Config\Routes.php on line 54.
 1 APPPATH\Config\Routes.php(54): CodeIgniter\Debug\Exceptions->errorHandler(2, 'require_once(app/Modules//Routes.php): Failed to open stream: No such file or directory', 'APPPATH\\Config\\Routes.php', 54)
 2 APPPATH\Config\Routes.php(54): require_once()
 3 SYSTEMPATH\CodeIgniter.php(766): require('APPPATH\\Config\\Routes.php')
 4 SYSTEMPATH\CodeIgniter.php(406): CodeIgniter\CodeIgniter->tryToRouteIt(Object(CodeIgniter\Router\RouteCollection))
 5 SYSTEMPATH\CodeIgniter.php(340): CodeIgniter\CodeIgniter->handleRequest(null, Object(Config\Cache), false)
 6 FCPATH\index.php(67): CodeIgniter\CodeIgniter->run()
CRITICAL - 2022-08-19 21:55:19 --> require_once(app/Modules//Routes.php): Failed to open stream: No such file or directory
in APPPATH\Config\Routes.php on line 54.
 1 APPPATH\Config\Routes.php(54): CodeIgniter\Debug\Exceptions->errorHandler(2, 'require_once(app/Modules//Routes.php): Failed to open stream: No such file or directory', 'APPPATH\\Config\\Routes.php', 54)
 2 APPPATH\Config\Routes.php(54): require_once()
 3 SYSTEMPATH\CodeIgniter.php(766): require('APPPATH\\Config\\Routes.php')
 4 SYSTEMPATH\CodeIgniter.php(406): CodeIgniter\CodeIgniter->tryToRouteIt(Object(CodeIgniter\Router\RouteCollection))
 5 SYSTEMPATH\CodeIgniter.php(340): CodeIgniter\CodeIgniter->handleRequest(null, Object(Config\Cache), false)
 6 FCPATH\index.php(67): CodeIgniter\CodeIgniter->run()
CRITICAL - 2022-08-19 21:55:20 --> require_once(app/Modules//Routes.php): Failed to open stream: No such file or directory
in APPPATH\Config\Routes.php on line 54.
 1 APPPATH\Config\Routes.php(54): CodeIgniter\Debug\Exceptions->errorHandler(2, 'require_once(app/Modules//Routes.php): Failed to open stream: No such file or directory', 'APPPATH\\Config\\Routes.php', 54)
 2 APPPATH\Config\Routes.php(54): require_once()
 3 SYSTEMPATH\CodeIgniter.php(766): require('APPPATH\\Config\\Routes.php')
 4 SYSTEMPATH\CodeIgniter.php(406): CodeIgniter\CodeIgniter->tryToRouteIt(Object(CodeIgniter\Router\RouteCollection))
 5 SYSTEMPATH\CodeIgniter.php(340): CodeIgniter\CodeIgniter->handleRequest(null, Object(Config\Cache), false)
 6 FCPATH\index.php(67): CodeIgniter\CodeIgniter->run()
CRITICAL - 2022-08-19 21:55:20 --> require_once(app/Modules//Routes.php): Failed to open stream: No such file or directory
in APPPATH\Config\Routes.php on line 54.
 1 APPPATH\Config\Routes.php(54): CodeIgniter\Debug\Exceptions->errorHandler(2, 'require_once(app/Modules//Routes.php): Failed to open stream: No such file or directory', 'APPPATH\\Config\\Routes.php', 54)
 2 APPPATH\Config\Routes.php(54): require_once()
 3 SYSTEMPATH\CodeIgniter.php(766): require('APPPATH\\Config\\Routes.php')
 4 SYSTEMPATH\CodeIgniter.php(406): CodeIgniter\CodeIgniter->tryToRouteIt(Object(CodeIgniter\Router\RouteCollection))
 5 SYSTEMPATH\CodeIgniter.php(340): CodeIgniter\CodeIgniter->handleRequest(null, Object(Config\Cache), false)
 6 FCPATH\index.php(67): CodeIgniter\CodeIgniter->run()
CRITICAL - 2022-08-19 21:55:21 --> require_once(app/Modules//Routes.php): Failed to open stream: No such file or directory
in APPPATH\Config\Routes.php on line 54.
 1 APPPATH\Config\Routes.php(54): CodeIgniter\Debug\Exceptions->errorHandler(2, 'require_once(app/Modules//Routes.php): Failed to open stream: No such file or directory', 'APPPATH\\Config\\Routes.php', 54)
 2 APPPATH\Config\Routes.php(54): require_once()
 3 SYSTEMPATH\CodeIgniter.php(766): require('APPPATH\\Config\\Routes.php')
 4 SYSTEMPATH\CodeIgniter.php(406): CodeIgniter\CodeIgniter->tryToRouteIt(Object(CodeIgniter\Router\RouteCollection))
 5 SYSTEMPATH\CodeIgniter.php(340): CodeIgniter\CodeIgniter->handleRequest(null, Object(Config\Cache), false)
 6 FCPATH\index.php(67): CodeIgniter\CodeIgniter->run()
CRITICAL - 2022-08-19 21:55:21 --> require_once(app/Modules//Routes.php): Failed to open stream: No such file or directory
in APPPATH\Config\Routes.php on line 54.
 1 APPPATH\Config\Routes.php(54): CodeIgniter\Debug\Exceptions->errorHandler(2, 'require_once(app/Modules//Routes.php): Failed to open stream: No such file or directory', 'APPPATH\\Config\\Routes.php', 54)
 2 APPPATH\Config\Routes.php(54): require_once()
 3 SYSTEMPATH\CodeIgniter.php(766): require('APPPATH\\Config\\Routes.php')
 4 SYSTEMPATH\CodeIgniter.php(406): CodeIgniter\CodeIgniter->tryToRouteIt(Object(CodeIgniter\Router\RouteCollection))
 5 SYSTEMPATH\CodeIgniter.php(340): CodeIgniter\CodeIgniter->handleRequest(null, Object(Config\Cache), false)
 6 FCPATH\index.php(67): CodeIgniter\CodeIgniter->run()
CRITICAL - 2022-08-19 21:55:21 --> require_once(app/Modules//Routes.php): Failed to open stream: No such file or directory
in APPPATH\Config\Routes.php on line 54.
 1 APPPATH\Config\Routes.php(54): CodeIgniter\Debug\Exceptions->errorHandler(2, 'require_once(app/Modules//Routes.php): Failed to open stream: No such file or directory', 'APPPATH\\Config\\Routes.php', 54)
 2 APPPATH\Config\Routes.php(54): require_once()
 3 SYSTEMPATH\CodeIgniter.php(766): require('APPPATH\\Config\\Routes.php')
 4 SYSTEMPATH\CodeIgniter.php(406): CodeIgniter\CodeIgniter->tryToRouteIt(Object(CodeIgniter\Router\RouteCollection))
 5 SYSTEMPATH\CodeIgniter.php(340): CodeIgniter\CodeIgniter->handleRequest(null, Object(Config\Cache), false)
 6 FCPATH\index.php(67): CodeIgniter\CodeIgniter->run()
CRITICAL - 2022-08-19 21:55:21 --> require_once(app/Modules//Routes.php): Failed to open stream: No such file or directory
in APPPATH\Config\Routes.php on line 54.
 1 APPPATH\Config\Routes.php(54): CodeIgniter\Debug\Exceptions->errorHandler(2, 'require_once(app/Modules//Routes.php): Failed to open stream: No such file or directory', 'APPPATH\\Config\\Routes.php', 54)
 2 APPPATH\Config\Routes.php(54): require_once()
 3 SYSTEMPATH\CodeIgniter.php(766): require('APPPATH\\Config\\Routes.php')
 4 SYSTEMPATH\CodeIgniter.php(406): CodeIgniter\CodeIgniter->tryToRouteIt(Object(CodeIgniter\Router\RouteCollection))
 5 SYSTEMPATH\CodeIgniter.php(340): CodeIgniter\CodeIgniter->handleRequest(null, Object(Config\Cache), false)
 6 FCPATH\index.php(67): CodeIgniter\CodeIgniter->run()
CRITICAL - 2022-08-19 21:55:21 --> require_once(app/Modules//Routes.php): Failed to open stream: No such file or directory
in APPPATH\Config\Routes.php on line 54.
 1 APPPATH\Config\Routes.php(54): CodeIgniter\Debug\Exceptions->errorHandler(2, 'require_once(app/Modules//Routes.php): Failed to open stream: No such file or directory', 'APPPATH\\Config\\Routes.php', 54)
 2 APPPATH\Config\Routes.php(54): require_once()
 3 SYSTEMPATH\CodeIgniter.php(766): require('APPPATH\\Config\\Routes.php')
 4 SYSTEMPATH\CodeIgniter.php(406): CodeIgniter\CodeIgniter->tryToRouteIt(Object(CodeIgniter\Router\RouteCollection))
 5 SYSTEMPATH\CodeIgniter.php(340): CodeIgniter\CodeIgniter->handleRequest(null, Object(Config\Cache), false)
 6 FCPATH\index.php(67): CodeIgniter\CodeIgniter->run()
CRITICAL - 2022-08-19 21:55:22 --> require_once(app/Modules//Routes.php): Failed to open stream: No such file or directory
in APPPATH\Config\Routes.php on line 54.
 1 APPPATH\Config\Routes.php(54): CodeIgniter\Debug\Exceptions->errorHandler(2, 'require_once(app/Modules//Routes.php): Failed to open stream: No such file or directory', 'APPPATH\\Config\\Routes.php', 54)
 2 APPPATH\Config\Routes.php(54): require_once()
 3 SYSTEMPATH\CodeIgniter.php(766): require('APPPATH\\Config\\Routes.php')
 4 SYSTEMPATH\CodeIgniter.php(406): CodeIgniter\CodeIgniter->tryToRouteIt(Object(CodeIgniter\Router\RouteCollection))
 5 SYSTEMPATH\CodeIgniter.php(340): CodeIgniter\CodeIgniter->handleRequest(null, Object(Config\Cache), false)
 6 FCPATH\index.php(67): CodeIgniter\CodeIgniter->run()
CRITICAL - 2022-08-19 21:55:22 --> require_once(app/Modules//Routes.php): Failed to open stream: No such file or directory
in APPPATH\Config\Routes.php on line 54.
 1 APPPATH\Config\Routes.php(54): CodeIgniter\Debug\Exceptions->errorHandler(2, 'require_once(app/Modules//Routes.php): Failed to open stream: No such file or directory', 'APPPATH\\Config\\Routes.php', 54)
 2 APPPATH\Config\Routes.php(54): require_once()
 3 SYSTEMPATH\CodeIgniter.php(766): require('APPPATH\\Config\\Routes.php')
 4 SYSTEMPATH\CodeIgniter.php(406): CodeIgniter\CodeIgniter->tryToRouteIt(Object(CodeIgniter\Router\RouteCollection))
 5 SYSTEMPATH\CodeIgniter.php(340): CodeIgniter\CodeIgniter->handleRequest(null, Object(Config\Cache), false)
 6 FCPATH\index.php(67): CodeIgniter\CodeIgniter->run()
CRITICAL - 2022-08-19 21:58:50 --> require_once(app/Modules//Routes.php): Failed to open stream: No such file or directory
in APPPATH\Config\Routes.php on line 54.
 1 APPPATH\Config\Routes.php(54): CodeIgniter\Debug\Exceptions->errorHandler(2, 'require_once(app/Modules//Routes.php): Failed to open stream: No such file or directory', 'APPPATH\\Config\\Routes.php', 54)
 2 APPPATH\Config\Routes.php(54): require_once()
 3 SYSTEMPATH\CodeIgniter.php(766): require('APPPATH\\Config\\Routes.php')
 4 SYSTEMPATH\CodeIgniter.php(406): CodeIgniter\CodeIgniter->tryToRouteIt(Object(CodeIgniter\Router\RouteCollection))
 5 SYSTEMPATH\CodeIgniter.php(340): CodeIgniter\CodeIgniter->handleRequest(null, Object(Config\Cache), false)
 6 FCPATH\index.php(67): CodeIgniter\CodeIgniter->run()
CRITICAL - 2022-08-19 22:01:32 --> require_once(app/Modules//Routes.php): Failed to open stream: No such file or directory
in APPPATH\Config\Routes.php on line 54.
 1 APPPATH\Config\Routes.php(54): CodeIgniter\Debug\Exceptions->errorHandler(2, 'require_once(app/Modules//Routes.php): Failed to open stream: No such file or directory', 'APPPATH\\Config\\Routes.php', 54)
 2 APPPATH\Config\Routes.php(54): require_once()
 3 SYSTEMPATH\CodeIgniter.php(766): require('APPPATH\\Config\\Routes.php')
 4 SYSTEMPATH\CodeIgniter.php(406): CodeIgniter\CodeIgniter->tryToRouteIt(Object(CodeIgniter\Router\RouteCollection))
 5 SYSTEMPATH\CodeIgniter.php(336): CodeIgniter\CodeIgniter->handleRequest(null, Object(Config\Cache), false)
 6 SYSTEMPATH\CLI\Console.php(48): CodeIgniter\CodeIgniter->run()
 7 ROOTPATH\spark(98): CodeIgniter\CLI\Console->run()
CRITICAL - 2022-08-19 22:01:53 --> require_once(app/Modules//Routes.php): Failed to open stream: No such file or directory
in APPPATH\Config\Routes.php on line 54.
 1 APPPATH\Config\Routes.php(54): CodeIgniter\Debug\Exceptions->errorHandler(2, 'require_once(app/Modules//Routes.php): Failed to open stream: No such file or directory', 'APPPATH\\Config\\Routes.php', 54)
 2 APPPATH\Config\Routes.php(54): require_once()
 3 SYSTEMPATH\CodeIgniter.php(766): require('APPPATH\\Config\\Routes.php')
 4 SYSTEMPATH\CodeIgniter.php(406): CodeIgniter\CodeIgniter->tryToRouteIt(Object(CodeIgniter\Router\RouteCollection))
 5 SYSTEMPATH\CodeIgniter.php(336): CodeIgniter\CodeIgniter->handleRequest(null, Object(Config\Cache), false)
 6 SYSTEMPATH\CLI\Console.php(48): CodeIgniter\CodeIgniter->run()
 7 ROOTPATH\spark(98): CodeIgniter\CLI\Console->run()
CRITICAL - 2022-08-19 22:35:04 --> scandir(F:\Root Program\web\master-codeigniter-empat\Modules/): The system cannot find the file specifi (code: 2)
in APPPATH\Config\Routes.php on line 49.
 1 [internal function]: CodeIgniter\Debug\Exceptions->errorHandler(2, 'scandir(F:\\Root Program\\web\\master-codeigniter-empat\\Modules/): The system cannot find the file specifi (code: 2)', 'APPPATH\\Config\\Routes.php', 49)
 2 APPPATH\Config\Routes.php(49): scandir('FCPATH\\Modules/')
 3 SYSTEMPATH\CodeIgniter.php(766): require('APPPATH\\Config\\Routes.php')
 4 SYSTEMPATH\CodeIgniter.php(406): CodeIgniter\CodeIgniter->tryToRouteIt(Object(CodeIgniter\Router\RouteCollection))
 5 SYSTEMPATH\CodeIgniter.php(340): CodeIgniter\CodeIgniter->handleRequest(null, Object(Config\Cache), false)
 6 FCPATH\index.php(67): CodeIgniter\CodeIgniter->run()
